#
# There is insufficient memory for the Java Runtime Environment to continue.
# Native memory allocation (malloc) failed to allocate 32744 bytes. Error detail: ChunkPool::allocate
# Possible reasons:
#   The system is out of physical RAM or swap space
#   This process is running with CompressedOops enabled, and the Java Heap may be blocking the growth of the native heap
# Possible solutions:
#   Reduce memory load on the system
#   Increase physical memory or swap space
#   Check if swap backing store is full
#   Decrease Java heap size (-Xmx/-Xms)
#   Decrease number of Java threads
#   Decrease Java thread stack sizes (-Xss)
#   Set larger code cache with -XX:ReservedCodeCacheSize=
#   JVM is running with Unscaled Compressed Oops mode in which the Java heap is
#     placed in the first 4GB address space. The Java Heap base address is the
#     maximum limit for the native heap growth. Please use -XX:HeapBaseMinAddress
#     to set the Java Heap base and to place the Java Heap above 4GB virtual address.
# This output file may be truncated or incomplete.
#
#  Out of Memory Error (arena.cpp:79), pid=102388, tid=103596
#
# JRE version: OpenJDK Runtime Environment JBR-17.0.12+1-1207.37-nomod (17.0.12+1) (build 17.0.12+1-b1207.37)
# Java VM: OpenJDK 64-Bit Server VM JBR-17.0.12+1-1207.37-nomod (17.0.12+1-b1207.37, mixed mode, emulated-client, tiered, compressed oops, compressed class ptrs, g1 gc, windows-amd64)
# No core dump will be written. Minidumps are not enabled by default on client versions of Windows
#

---------------  S U M M A R Y ------------

Command Line: -XX:TieredStopAtLevel=1 -Dspring.output.ansi.enabled=always -Dcom.sun.management.jmxremote -Dspring.jmx.enabled=true -Dspring.liveBeansView.mbeanDomain -Dspring.application.admin.enabled=true -Dmanagement.endpoints.jmx.exposure.include=* -javaagent:C:\Program Files\JetBrains\IntelliJ IDEA 2024.2.1\lib\idea_rt.jar=55820:C:\Program Files\JetBrains\IntelliJ IDEA 2024.2.1\bin -Dfile.encoding=UTF-8 com.coworkingspaces.CS_api.CsApiApplication

Host: Intel(R) Core(TM) i5-10300H CPU @ 2.50GHz, 8 cores, 7G,  Windows 10 , 64 bit Build 19041 (10.0.19041.4957)
Time: Tue Nov 19 12:15:35 2024 Afr. centrale Ouest elapsed time: 2.261718 seconds (0d 0h 0m 2s)

---------------  T H R E A D  ---------------

Current thread (0x0000021c874842b0):  JavaThread "C1 CompilerThread1" daemon [_thread_in_native, id=103596, stack(0x0000009ed7900000,0x0000009ed7a00000)]


Current CompileTask:
C1:   2261  345   !   1       java.lang.String::<init> (840 bytes)

Stack: [0x0000009ed7900000,0x0000009ed7a00000]
Native frames: (J=compiled Java code, j=interpreted, Vv=VM code, C=native code)
V  [jvm.dll+0x689d89]


---------------  P R O C E S S  ---------------

Threads class SMR info:
_java_thread_list=0x0000021c87468b40, length=11, elements={
0x0000021cf933cfd0, 0x0000021c87221470, 0x0000021c87223300, 0x0000021c8738a640,
0x0000021c8738b200, 0x0000021c8738e370, 0x0000021c8738f4d0, 0x0000021c87393440,
0x0000021c873945e0, 0x0000021c871a3d50, 0x0000021c874842b0
}

Java Threads: ( => current thread )
  0x0000021cf933cfd0 JavaThread "main" [_thread_in_native, id=96516, stack(0x0000009ed6900000,0x0000009ed6a00000)]
  0x0000021c87221470 JavaThread "Reference Handler" daemon [_thread_blocked, id=108588, stack(0x0000009ed7000000,0x0000009ed7100000)]
  0x0000021c87223300 JavaThread "Finalizer" daemon [_thread_blocked, id=108792, stack(0x0000009ed7100000,0x0000009ed7200000)]
  0x0000021c8738a640 JavaThread "Signal Dispatcher" daemon [_thread_blocked, id=108064, stack(0x0000009ed7200000,0x0000009ed7300000)]
  0x0000021c8738b200 JavaThread "Attach Listener" daemon [_thread_blocked, id=106880, stack(0x0000009ed7300000,0x0000009ed7400000)]
  0x0000021c8738e370 JavaThread "Service Thread" daemon [_thread_blocked, id=103464, stack(0x0000009ed7400000,0x0000009ed7500000)]
  0x0000021c8738f4d0 JavaThread "Monitor Deflation Thread" daemon [_thread_blocked, id=95620, stack(0x0000009ed7500000,0x0000009ed7600000)]
  0x0000021c87393440 JavaThread "C1 CompilerThread0" daemon [_thread_blocked, id=107660, stack(0x0000009ed7600000,0x0000009ed7700000)]
  0x0000021c873945e0 JavaThread "Sweeper thread" daemon [_thread_blocked, id=106100, stack(0x0000009ed7700000,0x0000009ed7800000)]
  0x0000021c871a3d50 JavaThread "Common-Cleaner" daemon [_thread_blocked, id=76844, stack(0x0000009ed7800000,0x0000009ed7900000)]
=>0x0000021c874842b0 JavaThread "C1 CompilerThread1" daemon [_thread_in_native, id=103596, stack(0x0000009ed7900000,0x0000009ed7a00000)]

Other Threads:
  0x0000021c8721e700 VMThread "VM Thread" [stack: 0x0000009ed6f00000,0x0000009ed7000000] [id=39008]
  0x0000021cf9396f30 GCTaskThread "GC Thread#0" [stack: 0x0000009ed6a00000,0x0000009ed6b00000] [id=104436]
  0x0000021cf93a7a80 ConcurrentGCThread "G1 Main Marker" [stack: 0x0000009ed6b00000,0x0000009ed6c00000] [id=104948]
  0x0000021cf93a84a0 ConcurrentGCThread "G1 Conc#0" [stack: 0x0000009ed6c00000,0x0000009ed6d00000] [id=105444]
  0x0000021c870720d0 ConcurrentGCThread "G1 Refine#0" [stack: 0x0000009ed6d00000,0x0000009ed6e00000] [id=96296]
  0x0000021c87073b10 ConcurrentGCThread "G1 Service" [stack: 0x0000009ed6e00000,0x0000009ed6f00000] [id=94384]

Threads with active compile tasks:
C1 CompilerThread1     2279  345   !   1       java.lang.String::<init> (840 bytes)

VM state: not at safepoint (normal execution)

VM Mutex/Monitor currently owned by a thread: None

Heap address: 0x0000000082000000, size: 2016 MB, Compressed Oops mode: 32-bit

CDS archive(s) not mapped
Compressed class space mapped at: 0x0000000100000000-0x0000000140000000, reserved size: 1073741824
Narrow klass base: 0x0000000000000000, Narrow klass shift: 3, Narrow klass range: 0x140000000

GC Precious Log:
 CPUs: 8 total, 8 available
 Memory: 8059M
 Large Page Support: Disabled
 NUMA Support: Disabled
 Compressed Oops: Enabled (32-bit)
 Heap Region Size: 1M
 Heap Min Capacity: 8M
 Heap Initial Capacity: 126M
 Heap Max Capacity: 2016M
 Pre-touch: Disabled
 Parallel Workers: 8
 Concurrent Workers: 2
 Concurrent Refinement Workers: 8
 Periodic GC: Disabled

Heap:
 garbage-first heap   total 129024K, used 7168K [0x0000000082000000, 0x0000000100000000)
  region size 1024K, 7 young (7168K), 0 survivors (0K)
 Metaspace       used 7364K, committed 7552K, reserved 1114112K
  class space    used 661K, committed 768K, reserved 1048576K

Heap Regions: E=young(eden), S=young(survivor), O=old, HS=humongous(starts), HC=humongous(continues), CS=collection set, F=free, OA=open archive, CA=closed archive, TAMS=top-at-mark-start (previous, next)
|   0|0x0000000082000000, 0x0000000082100000, 0x0000000082100000|100%|HS|  |TAMS 0x0000000082000000, 0x0000000082000000| Complete 
|   1|0x0000000082100000, 0x0000000082100000, 0x0000000082200000|  0%| F|  |TAMS 0x0000000082100000, 0x0000000082100000| Untracked 
|   2|0x0000000082200000, 0x0000000082200000, 0x0000000082300000|  0%| F|  |TAMS 0x0000000082200000, 0x0000000082200000| Untracked 
|   3|0x0000000082300000, 0x0000000082300000, 0x0000000082400000|  0%| F|  |TAMS 0x0000000082300000, 0x0000000082300000| Untracked 
|   4|0x0000000082400000, 0x0000000082400000, 0x0000000082500000|  0%| F|  |TAMS 0x0000000082400000, 0x0000000082400000| Untracked 
|   5|0x0000000082500000, 0x0000000082500000, 0x0000000082600000|  0%| F|  |TAMS 0x0000000082500000, 0x0000000082500000| Untracked 
|   6|0x0000000082600000, 0x0000000082600000, 0x0000000082700000|  0%| F|  |TAMS 0x0000000082600000, 0x0000000082600000| Untracked 
|   7|0x0000000082700000, 0x0000000082700000, 0x0000000082800000|  0%| F|  |TAMS 0x0000000082700000, 0x0000000082700000| Untracked 
|   8|0x0000000082800000, 0x0000000082800000, 0x0000000082900000|  0%| F|  |TAMS 0x0000000082800000, 0x0000000082800000| Untracked 
|   9|0x0000000082900000, 0x0000000082900000, 0x0000000082a00000|  0%| F|  |TAMS 0x0000000082900000, 0x0000000082900000| Untracked 
|  10|0x0000000082a00000, 0x0000000082a00000, 0x0000000082b00000|  0%| F|  |TAMS 0x0000000082a00000, 0x0000000082a00000| Untracked 
|  11|0x0000000082b00000, 0x0000000082b00000, 0x0000000082c00000|  0%| F|  |TAMS 0x0000000082b00000, 0x0000000082b00000| Untracked 
|  12|0x0000000082c00000, 0x0000000082c00000, 0x0000000082d00000|  0%| F|  |TAMS 0x0000000082c00000, 0x0000000082c00000| Untracked 
|  13|0x0000000082d00000, 0x0000000082d00000, 0x0000000082e00000|  0%| F|  |TAMS 0x0000000082d00000, 0x0000000082d00000| Untracked 
|  14|0x0000000082e00000, 0x0000000082e00000, 0x0000000082f00000|  0%| F|  |TAMS 0x0000000082e00000, 0x0000000082e00000| Untracked 
|  15|0x0000000082f00000, 0x0000000082f00000, 0x0000000083000000|  0%| F|  |TAMS 0x0000000082f00000, 0x0000000082f00000| Untracked 
|  16|0x0000000083000000, 0x0000000083000000, 0x0000000083100000|  0%| F|  |TAMS 0x0000000083000000, 0x0000000083000000| Untracked 
|  17|0x0000000083100000, 0x0000000083100000, 0x0000000083200000|  0%| F|  |TAMS 0x0000000083100000, 0x0000000083100000| Untracked 
|  18|0x0000000083200000, 0x0000000083200000, 0x0000000083300000|  0%| F|  |TAMS 0x0000000083200000, 0x0000000083200000| Untracked 
|  19|0x0000000083300000, 0x0000000083300000, 0x0000000083400000|  0%| F|  |TAMS 0x0000000083300000, 0x0000000083300000| Untracked 
|  20|0x0000000083400000, 0x0000000083400000, 0x0000000083500000|  0%| F|  |TAMS 0x0000000083400000, 0x0000000083400000| Untracked 
|  21|0x0000000083500000, 0x0000000083500000, 0x0000000083600000|  0%| F|  |TAMS 0x0000000083500000, 0x0000000083500000| Untracked 
|  22|0x0000000083600000, 0x0000000083600000, 0x0000000083700000|  0%| F|  |TAMS 0x0000000083600000, 0x0000000083600000| Untracked 
|  23|0x0000000083700000, 0x0000000083700000, 0x0000000083800000|  0%| F|  |TAMS 0x0000000083700000, 0x0000000083700000| Untracked 
|  24|0x0000000083800000, 0x0000000083800000, 0x0000000083900000|  0%| F|  |TAMS 0x0000000083800000, 0x0000000083800000| Untracked 
|  25|0x0000000083900000, 0x0000000083900000, 0x0000000083a00000|  0%| F|  |TAMS 0x0000000083900000, 0x0000000083900000| Untracked 
|  26|0x0000000083a00000, 0x0000000083a00000, 0x0000000083b00000|  0%| F|  |TAMS 0x0000000083a00000, 0x0000000083a00000| Untracked 
|  27|0x0000000083b00000, 0x0000000083b00000, 0x0000000083c00000|  0%| F|  |TAMS 0x0000000083b00000, 0x0000000083b00000| Untracked 
|  28|0x0000000083c00000, 0x0000000083c00000, 0x0000000083d00000|  0%| F|  |TAMS 0x0000000083c00000, 0x0000000083c00000| Untracked 
|  29|0x0000000083d00000, 0x0000000083d00000, 0x0000000083e00000|  0%| F|  |TAMS 0x0000000083d00000, 0x0000000083d00000| Untracked 
|  30|0x0000000083e00000, 0x0000000083e00000, 0x0000000083f00000|  0%| F|  |TAMS 0x0000000083e00000, 0x0000000083e00000| Untracked 
|  31|0x0000000083f00000, 0x0000000083f00000, 0x0000000084000000|  0%| F|  |TAMS 0x0000000083f00000, 0x0000000083f00000| Untracked 
|  32|0x0000000084000000, 0x0000000084000000, 0x0000000084100000|  0%| F|  |TAMS 0x0000000084000000, 0x0000000084000000| Untracked 
|  33|0x0000000084100000, 0x0000000084100000, 0x0000000084200000|  0%| F|  |TAMS 0x0000000084100000, 0x0000000084100000| Untracked 
|  34|0x0000000084200000, 0x0000000084200000, 0x0000000084300000|  0%| F|  |TAMS 0x0000000084200000, 0x0000000084200000| Untracked 
|  35|0x0000000084300000, 0x0000000084300000, 0x0000000084400000|  0%| F|  |TAMS 0x0000000084300000, 0x0000000084300000| Untracked 
|  36|0x0000000084400000, 0x0000000084400000, 0x0000000084500000|  0%| F|  |TAMS 0x0000000084400000, 0x0000000084400000| Untracked 
|  37|0x0000000084500000, 0x0000000084500000, 0x0000000084600000|  0%| F|  |TAMS 0x0000000084500000, 0x0000000084500000| Untracked 
|  38|0x0000000084600000, 0x0000000084600000, 0x0000000084700000|  0%| F|  |TAMS 0x0000000084600000, 0x0000000084600000| Untracked 
|  39|0x0000000084700000, 0x0000000084700000, 0x0000000084800000|  0%| F|  |TAMS 0x0000000084700000, 0x0000000084700000| Untracked 
|  40|0x0000000084800000, 0x0000000084800000, 0x0000000084900000|  0%| F|  |TAMS 0x0000000084800000, 0x0000000084800000| Untracked 
|  41|0x0000000084900000, 0x0000000084900000, 0x0000000084a00000|  0%| F|  |TAMS 0x0000000084900000, 0x0000000084900000| Untracked 
|  42|0x0000000084a00000, 0x0000000084a00000, 0x0000000084b00000|  0%| F|  |TAMS 0x0000000084a00000, 0x0000000084a00000| Untracked 
|  43|0x0000000084b00000, 0x0000000084b00000, 0x0000000084c00000|  0%| F|  |TAMS 0x0000000084b00000, 0x0000000084b00000| Untracked 
|  44|0x0000000084c00000, 0x0000000084c00000, 0x0000000084d00000|  0%| F|  |TAMS 0x0000000084c00000, 0x0000000084c00000| Untracked 
|  45|0x0000000084d00000, 0x0000000084d00000, 0x0000000084e00000|  0%| F|  |TAMS 0x0000000084d00000, 0x0000000084d00000| Untracked 
|  46|0x0000000084e00000, 0x0000000084e00000, 0x0000000084f00000|  0%| F|  |TAMS 0x0000000084e00000, 0x0000000084e00000| Untracked 
|  47|0x0000000084f00000, 0x0000000084f00000, 0x0000000085000000|  0%| F|  |TAMS 0x0000000084f00000, 0x0000000084f00000| Untracked 
|  48|0x0000000085000000, 0x0000000085000000, 0x0000000085100000|  0%| F|  |TAMS 0x0000000085000000, 0x0000000085000000| Untracked 
|  49|0x0000000085100000, 0x0000000085100000, 0x0000000085200000|  0%| F|  |TAMS 0x0000000085100000, 0x0000000085100000| Untracked 
|  50|0x0000000085200000, 0x0000000085200000, 0x0000000085300000|  0%| F|  |TAMS 0x0000000085200000, 0x0000000085200000| Untracked 
|  51|0x0000000085300000, 0x0000000085300000, 0x0000000085400000|  0%| F|  |TAMS 0x0000000085300000, 0x0000000085300000| Untracked 
|  52|0x0000000085400000, 0x0000000085400000, 0x0000000085500000|  0%| F|  |TAMS 0x0000000085400000, 0x0000000085400000| Untracked 
|  53|0x0000000085500000, 0x0000000085500000, 0x0000000085600000|  0%| F|  |TAMS 0x0000000085500000, 0x0000000085500000| Untracked 
|  54|0x0000000085600000, 0x0000000085600000, 0x0000000085700000|  0%| F|  |TAMS 0x0000000085600000, 0x0000000085600000| Untracked 
|  55|0x0000000085700000, 0x0000000085700000, 0x0000000085800000|  0%| F|  |TAMS 0x0000000085700000, 0x0000000085700000| Untracked 
|  56|0x0000000085800000, 0x0000000085800000, 0x0000000085900000|  0%| F|  |TAMS 0x0000000085800000, 0x0000000085800000| Untracked 
|  57|0x0000000085900000, 0x0000000085900000, 0x0000000085a00000|  0%| F|  |TAMS 0x0000000085900000, 0x0000000085900000| Untracked 
|  58|0x0000000085a00000, 0x0000000085a00000, 0x0000000085b00000|  0%| F|  |TAMS 0x0000000085a00000, 0x0000000085a00000| Untracked 
|  59|0x0000000085b00000, 0x0000000085b00000, 0x0000000085c00000|  0%| F|  |TAMS 0x0000000085b00000, 0x0000000085b00000| Untracked 
|  60|0x0000000085c00000, 0x0000000085c00000, 0x0000000085d00000|  0%| F|  |TAMS 0x0000000085c00000, 0x0000000085c00000| Untracked 
|  61|0x0000000085d00000, 0x0000000085d00000, 0x0000000085e00000|  0%| F|  |TAMS 0x0000000085d00000, 0x0000000085d00000| Untracked 
|  62|0x0000000085e00000, 0x0000000085e00000, 0x0000000085f00000|  0%| F|  |TAMS 0x0000000085e00000, 0x0000000085e00000| Untracked 
|  63|0x0000000085f00000, 0x0000000085f00000, 0x0000000086000000|  0%| F|  |TAMS 0x0000000085f00000, 0x0000000085f00000| Untracked 
|  64|0x0000000086000000, 0x0000000086000000, 0x0000000086100000|  0%| F|  |TAMS 0x0000000086000000, 0x0000000086000000| Untracked 
|  65|0x0000000086100000, 0x0000000086100000, 0x0000000086200000|  0%| F|  |TAMS 0x0000000086100000, 0x0000000086100000| Untracked 
|  66|0x0000000086200000, 0x0000000086200000, 0x0000000086300000|  0%| F|  |TAMS 0x0000000086200000, 0x0000000086200000| Untracked 
|  67|0x0000000086300000, 0x0000000086300000, 0x0000000086400000|  0%| F|  |TAMS 0x0000000086300000, 0x0000000086300000| Untracked 
|  68|0x0000000086400000, 0x0000000086400000, 0x0000000086500000|  0%| F|  |TAMS 0x0000000086400000, 0x0000000086400000| Untracked 
|  69|0x0000000086500000, 0x0000000086500000, 0x0000000086600000|  0%| F|  |TAMS 0x0000000086500000, 0x0000000086500000| Untracked 
|  70|0x0000000086600000, 0x0000000086600000, 0x0000000086700000|  0%| F|  |TAMS 0x0000000086600000, 0x0000000086600000| Untracked 
|  71|0x0000000086700000, 0x0000000086700000, 0x0000000086800000|  0%| F|  |TAMS 0x0000000086700000, 0x0000000086700000| Untracked 
|  72|0x0000000086800000, 0x0000000086800000, 0x0000000086900000|  0%| F|  |TAMS 0x0000000086800000, 0x0000000086800000| Untracked 
|  73|0x0000000086900000, 0x0000000086900000, 0x0000000086a00000|  0%| F|  |TAMS 0x0000000086900000, 0x0000000086900000| Untracked 
|  74|0x0000000086a00000, 0x0000000086a00000, 0x0000000086b00000|  0%| F|  |TAMS 0x0000000086a00000, 0x0000000086a00000| Untracked 
|  75|0x0000000086b00000, 0x0000000086b00000, 0x0000000086c00000|  0%| F|  |TAMS 0x0000000086b00000, 0x0000000086b00000| Untracked 
|  76|0x0000000086c00000, 0x0000000086c00000, 0x0000000086d00000|  0%| F|  |TAMS 0x0000000086c00000, 0x0000000086c00000| Untracked 
|  77|0x0000000086d00000, 0x0000000086d00000, 0x0000000086e00000|  0%| F|  |TAMS 0x0000000086d00000, 0x0000000086d00000| Untracked 
|  78|0x0000000086e00000, 0x0000000086e00000, 0x0000000086f00000|  0%| F|  |TAMS 0x0000000086e00000, 0x0000000086e00000| Untracked 
|  79|0x0000000086f00000, 0x0000000086f00000, 0x0000000087000000|  0%| F|  |TAMS 0x0000000086f00000, 0x0000000086f00000| Untracked 
|  80|0x0000000087000000, 0x0000000087000000, 0x0000000087100000|  0%| F|  |TAMS 0x0000000087000000, 0x0000000087000000| Untracked 
|  81|0x0000000087100000, 0x0000000087100000, 0x0000000087200000|  0%| F|  |TAMS 0x0000000087100000, 0x0000000087100000| Untracked 
|  82|0x0000000087200000, 0x0000000087200000, 0x0000000087300000|  0%| F|  |TAMS 0x0000000087200000, 0x0000000087200000| Untracked 
|  83|0x0000000087300000, 0x0000000087300000, 0x0000000087400000|  0%| F|  |TAMS 0x0000000087300000, 0x0000000087300000| Untracked 
|  84|0x0000000087400000, 0x0000000087400000, 0x0000000087500000|  0%| F|  |TAMS 0x0000000087400000, 0x0000000087400000| Untracked 
|  85|0x0000000087500000, 0x0000000087500000, 0x0000000087600000|  0%| F|  |TAMS 0x0000000087500000, 0x0000000087500000| Untracked 
|  86|0x0000000087600000, 0x0000000087600000, 0x0000000087700000|  0%| F|  |TAMS 0x0000000087600000, 0x0000000087600000| Untracked 
|  87|0x0000000087700000, 0x0000000087700000, 0x0000000087800000|  0%| F|  |TAMS 0x0000000087700000, 0x0000000087700000| Untracked 
|  88|0x0000000087800000, 0x0000000087800000, 0x0000000087900000|  0%| F|  |TAMS 0x0000000087800000, 0x0000000087800000| Untracked 
|  89|0x0000000087900000, 0x0000000087900000, 0x0000000087a00000|  0%| F|  |TAMS 0x0000000087900000, 0x0000000087900000| Untracked 
|  90|0x0000000087a00000, 0x0000000087a00000, 0x0000000087b00000|  0%| F|  |TAMS 0x0000000087a00000, 0x0000000087a00000| Untracked 
|  91|0x0000000087b00000, 0x0000000087b00000, 0x0000000087c00000|  0%| F|  |TAMS 0x0000000087b00000, 0x0000000087b00000| Untracked 
|  92|0x0000000087c00000, 0x0000000087c00000, 0x0000000087d00000|  0%| F|  |TAMS 0x0000000087c00000, 0x0000000087c00000| Untracked 
|  93|0x0000000087d00000, 0x0000000087d00000, 0x0000000087e00000|  0%| F|  |TAMS 0x0000000087d00000, 0x0000000087d00000| Untracked 
|  94|0x0000000087e00000, 0x0000000087e00000, 0x0000000087f00000|  0%| F|  |TAMS 0x0000000087e00000, 0x0000000087e00000| Untracked 
|  95|0x0000000087f00000, 0x0000000087f00000, 0x0000000088000000|  0%| F|  |TAMS 0x0000000087f00000, 0x0000000087f00000| Untracked 
|  96|0x0000000088000000, 0x0000000088000000, 0x0000000088100000|  0%| F|  |TAMS 0x0000000088000000, 0x0000000088000000| Untracked 
|  97|0x0000000088100000, 0x0000000088100000, 0x0000000088200000|  0%| F|  |TAMS 0x0000000088100000, 0x0000000088100000| Untracked 
|  98|0x0000000088200000, 0x0000000088200000, 0x0000000088300000|  0%| F|  |TAMS 0x0000000088200000, 0x0000000088200000| Untracked 
|  99|0x0000000088300000, 0x0000000088300000, 0x0000000088400000|  0%| F|  |TAMS 0x0000000088300000, 0x0000000088300000| Untracked 
| 100|0x0000000088400000, 0x0000000088400000, 0x0000000088500000|  0%| F|  |TAMS 0x0000000088400000, 0x0000000088400000| Untracked 
| 101|0x0000000088500000, 0x0000000088500000, 0x0000000088600000|  0%| F|  |TAMS 0x0000000088500000, 0x0000000088500000| Untracked 
| 102|0x0000000088600000, 0x0000000088600000, 0x0000000088700000|  0%| F|  |TAMS 0x0000000088600000, 0x0000000088600000| Untracked 
| 103|0x0000000088700000, 0x0000000088700000, 0x0000000088800000|  0%| F|  |TAMS 0x0000000088700000, 0x0000000088700000| Untracked 
| 104|0x0000000088800000, 0x0000000088800000, 0x0000000088900000|  0%| F|  |TAMS 0x0000000088800000, 0x0000000088800000| Untracked 
| 105|0x0000000088900000, 0x0000000088900000, 0x0000000088a00000|  0%| F|  |TAMS 0x0000000088900000, 0x0000000088900000| Untracked 
| 106|0x0000000088a00000, 0x0000000088a00000, 0x0000000088b00000|  0%| F|  |TAMS 0x0000000088a00000, 0x0000000088a00000| Untracked 
| 107|0x0000000088b00000, 0x0000000088b00000, 0x0000000088c00000|  0%| F|  |TAMS 0x0000000088b00000, 0x0000000088b00000| Untracked 
| 108|0x0000000088c00000, 0x0000000088c00000, 0x0000000088d00000|  0%| F|  |TAMS 0x0000000088c00000, 0x0000000088c00000| Untracked 
| 109|0x0000000088d00000, 0x0000000088d00000, 0x0000000088e00000|  0%| F|  |TAMS 0x0000000088d00000, 0x0000000088d00000| Untracked 
| 110|0x0000000088e00000, 0x0000000088e00000, 0x0000000088f00000|  0%| F|  |TAMS 0x0000000088e00000, 0x0000000088e00000| Untracked 
| 111|0x0000000088f00000, 0x0000000088f00000, 0x0000000089000000|  0%| F|  |TAMS 0x0000000088f00000, 0x0000000088f00000| Untracked 
| 112|0x0000000089000000, 0x0000000089000000, 0x0000000089100000|  0%| F|  |TAMS 0x0000000089000000, 0x0000000089000000| Untracked 
| 113|0x0000000089100000, 0x0000000089100000, 0x0000000089200000|  0%| F|  |TAMS 0x0000000089100000, 0x0000000089100000| Untracked 
| 114|0x0000000089200000, 0x0000000089200000, 0x0000000089300000|  0%| F|  |TAMS 0x0000000089200000, 0x0000000089200000| Untracked 
| 115|0x0000000089300000, 0x0000000089300000, 0x0000000089400000|  0%| F|  |TAMS 0x0000000089300000, 0x0000000089300000| Untracked 
| 116|0x0000000089400000, 0x0000000089400000, 0x0000000089500000|  0%| F|  |TAMS 0x0000000089400000, 0x0000000089400000| Untracked 
| 117|0x0000000089500000, 0x0000000089500000, 0x0000000089600000|  0%| F|  |TAMS 0x0000000089500000, 0x0000000089500000| Untracked 
| 118|0x0000000089600000, 0x0000000089600000, 0x0000000089700000|  0%| F|  |TAMS 0x0000000089600000, 0x0000000089600000| Untracked 
| 119|0x0000000089700000, 0x00000000897ef330, 0x0000000089800000| 93%| E|  |TAMS 0x0000000089700000, 0x0000000089700000| Complete 
| 120|0x0000000089800000, 0x0000000089900000, 0x0000000089900000|100%| E|CS|TAMS 0x0000000089800000, 0x0000000089800000| Complete 
| 121|0x0000000089900000, 0x0000000089a00000, 0x0000000089a00000|100%| E|CS|TAMS 0x0000000089900000, 0x0000000089900000| Complete 
| 122|0x0000000089a00000, 0x0000000089b00000, 0x0000000089b00000|100%| E|CS|TAMS 0x0000000089a00000, 0x0000000089a00000| Complete 
| 123|0x0000000089b00000, 0x0000000089c00000, 0x0000000089c00000|100%| E|CS|TAMS 0x0000000089b00000, 0x0000000089b00000| Complete 
| 124|0x0000000089c00000, 0x0000000089d00000, 0x0000000089d00000|100%| E|CS|TAMS 0x0000000089c00000, 0x0000000089c00000| Complete 
| 125|0x0000000089d00000, 0x0000000089e00000, 0x0000000089e00000|100%| E|CS|TAMS 0x0000000089d00000, 0x0000000089d00000| Complete 

Card table byte_map: [0x0000021c803f0000,0x0000021c807e0000] _byte_map_base: 0x0000021c7ffe0000

Marking Bits (Prev, Next): (CMBitMap*) 0x0000021cf9397550, (CMBitMap*) 0x0000021cf9397590
 Prev Bits: [0x0000021c80bd0000, 0x0000021c82b50000)
 Next Bits: [0x0000021c82b50000, 0x0000021c84ad0000)

Polling page: 0x0000021cf72f0000

Metaspace:

Usage:
  Non-class:      6.55 MB used.
      Class:    661.37 KB used.
       Both:      7.19 MB used.

Virtual space:
  Non-class space:       64.00 MB reserved,       6.62 MB ( 10%) committed,  1 nodes.
      Class space:        1.00 GB reserved,     768.00 KB ( <1%) committed,  1 nodes.
             Both:        1.06 GB reserved,       7.38 MB ( <1%) committed. 

Chunk freelists:
   Non-Class:  8.99 MB
       Class:  15.25 MB
        Both:  24.24 MB

MaxMetaspaceSize: unlimited
CompressedClassSpaceSize: 1.00 GB
Initial GC threshold: 21.00 MB
Current GC threshold: 21.00 MB
CDS: off
MetaspaceReclaimPolicy: balanced
 - commit_granule_bytes: 65536.
 - commit_granule_words: 8192.
 - virtual_space_node_default_size: 8388608.
 - enlarge_chunks_in_place: 1.
 - new_chunks_are_fully_committed: 0.
 - uncommit_free_chunks: 1.
 - use_allocation_guard: 0.
 - handle_deallocations: 1.


Internal statistics:

num_allocs_failed_limit: 0.
num_arena_births: 6.
num_arena_deaths: 0.
num_vsnodes_births: 2.
num_vsnodes_deaths: 0.
num_space_committed: 118.
num_space_uncommitted: 0.
num_chunks_returned_to_freelist: 0.
num_chunks_taken_from_freelist: 26.
num_chunk_merges: 0.
num_chunk_splits: 8.
num_chunks_enlarged: 2.
num_inconsistent_stats: 0.

CodeCache: size=49152Kb used=2040Kb max_used=2040Kb free=47111Kb
 bounds [0x0000021cfcb10000, 0x0000021cfcd80000, 0x0000021cffb10000]
 total_blobs=709 nmethods=343 adapters=293
 compilation: enabled
              stopped_count=0, restarted_count=0
 full_count=0

Compilation events (20 events):
Event: 2.027 Thread 0x0000021c87393440  334       1       java.util.zip.ZipFile$Source::isSignatureRelated (205 bytes)
Event: 2.028 Thread 0x0000021c87393440 nmethod 334 0x0000021cfcd0a690 code [0x0000021cfcd0a820, 0x0000021cfcd0aa98]
Event: 2.028 Thread 0x0000021c874842b0 nmethod 335 0x0000021cfcd0ac10 code [0x0000021cfcd0ade0, 0x0000021cfcd0b1d8]
Event: 2.045 Thread 0x0000021c874842b0  337       1       java.lang.ref.PhantomReference::<init> (7 bytes)
Event: 2.045 Thread 0x0000021c874842b0 nmethod 337 0x0000021cfcd0b810 code [0x0000021cfcd0b9a0, 0x0000021cfcd0bb18]
Event: 2.146 Thread 0x0000021c874842b0  338       1       jdk.internal.ref.PhantomCleanable::<init> (49 bytes)
Event: 2.146 Thread 0x0000021c87393440  339   !   1       jdk.internal.ref.PhantomCleanable::insert (53 bytes)
Event: 2.146 Thread 0x0000021c87393440 nmethod 339 0x0000021cfcd0bb90 code [0x0000021cfcd0bd40, 0x0000021cfcd0c058]
Event: 2.146 Thread 0x0000021c87393440  340       1       jdk.internal.ref.CleanerFactory::cleaner (4 bytes)
Event: 2.146 Thread 0x0000021c87393440 nmethod 340 0x0000021cfcd0c190 code [0x0000021cfcd0c320, 0x0000021cfcd0c3d8]
Event: 2.147 Thread 0x0000021c874842b0 nmethod 338 0x0000021cfcd0c490 code [0x0000021cfcd0c680, 0x0000021cfcd0caf8]
Event: 2.224 Thread 0x0000021c87393440  341       1       java.util.zip.ZipUtils::get16 (21 bytes)
Event: 2.224 Thread 0x0000021c87393440 nmethod 341 0x0000021cfcd0cd10 code [0x0000021cfcd0cea0, 0x0000021cfcd0cf98]
Event: 2.225 Thread 0x0000021c87393440  342  s    1       java.io.ByteArrayOutputStream::write (43 bytes)
Event: 2.225 Thread 0x0000021c874842b0  343       1       java.io.ByteArrayOutputStream::ensureCapacity (32 bytes)
Event: 2.226 Thread 0x0000021c874842b0 nmethod 343 0x0000021cfcd0d090 code [0x0000021cfcd0d240, 0x0000021cfcd0d518]
Event: 2.226 Thread 0x0000021c87393440 nmethod 342 0x0000021cfcd0d690 code [0x0000021cfcd0d860, 0x0000021cfcd0dd58]
Event: 2.226 Thread 0x0000021c87393440  344       1       java.util.jar.Attributes$Name::hashCode (5 bytes)
Event: 2.226 Thread 0x0000021c87393440 nmethod 344 0x0000021cfcd0df90 code [0x0000021cfcd0e120, 0x0000021cfcd0e1f8]
Event: 2.226 Thread 0x0000021c874842b0  345   !   1       java.lang.String::<init> (840 bytes)

GC Heap History (0 events):
No events

Dll operation events (3 events):
Event: 0.057 Loaded shared library C:\Users\neebr\.jdks\jbr-17.0.12\bin\java.dll
Event: 0.162 Loaded shared library C:\Users\neebr\.jdks\jbr-17.0.12\bin\jsvml.dll
Event: 0.694 Loaded shared library C:\Users\neebr\.jdks\jbr-17.0.12\bin\zip.dll

Deoptimization events (0 events):
No events

Classes loaded (20 events):
Event: 1.130 Loading class java/util/concurrent/ConcurrentHashMap$KeySetView
Event: 1.130 Loading class java/util/concurrent/ConcurrentHashMap$KeySetView done
Event: 1.130 Loading class java/util/concurrent/ConcurrentHashMap$KeyIterator
Event: 1.130 Loading class java/util/concurrent/ConcurrentHashMap$KeyIterator done
Event: 1.131 Loading class java/util/Spliterators$ArraySpliterator
Event: 1.131 Loading class java/util/Spliterators$ArraySpliterator done
Event: 1.131 Loading class java/util/Spliterators$1Adapter
Event: 1.131 Loading class java/util/Spliterators$1Adapter done
Event: 1.131 Loading class jdk/internal/module/Resources
Event: 1.132 Loading class jdk/internal/module/Resources done
Event: 1.132 Loading class jdk/internal/loader/BuiltinClassLoader$2
Event: 1.132 Loading class jdk/internal/loader/BuiltinClassLoader$2 done
Event: 1.133 Loading class jdk/internal/loader/BuiltinClassLoader$1
Event: 1.133 Loading class jdk/internal/loader/BuiltinClassLoader$1 done
Event: 1.133 Loading class java/lang/CompoundEnumeration
Event: 1.134 Loading class java/lang/CompoundEnumeration done
Event: 1.134 Loading class jdk/internal/loader/URLClassPath$1
Event: 1.134 Loading class jdk/internal/loader/URLClassPath$1 done
Event: 1.463 Loading class java/util/zip/ZipFile$ZipEntryIterator
Event: 1.463 Loading class java/util/zip/ZipFile$ZipEntryIterator done

Classes unloaded (0 events):
No events

Classes redefined (0 events):
No events

Internal exceptions (0 events):
No events

VM Operations (4 events):
Event: 0.676 Executing VM operation: HandshakeAllThreads
Event: 0.676 Executing VM operation: HandshakeAllThreads done
Event: 1.676 Executing VM operation: Cleanup
Event: 1.676 Executing VM operation: Cleanup done

Events (16 events):
Event: 0.163 Thread 0x0000021cf933cfd0 Thread added: 0x0000021cf933cfd0
Event: 0.218 Thread 0x0000021c87221470 Thread added: 0x0000021c87221470
Event: 0.218 Thread 0x0000021c87223300 Thread added: 0x0000021c87223300
Event: 0.300 Thread 0x0000021c8738a640 Thread added: 0x0000021c8738a640
Event: 0.300 Thread 0x0000021c8738b200 Thread added: 0x0000021c8738b200
Event: 0.300 Thread 0x0000021c8738e370 Thread added: 0x0000021c8738e370
Event: 0.300 Thread 0x0000021c8738f4d0 Thread added: 0x0000021c8738f4d0
Event: 0.300 Thread 0x0000021c87393440 Thread added: 0x0000021c87393440
Event: 0.301 Thread 0x0000021c873945e0 Thread added: 0x0000021c873945e0
Event: 0.649 Thread 0x0000021c871a3d50 Thread added: 0x0000021c871a3d50
Event: 0.675 Thread 0x0000021c874842b0 Thread added: 0x0000021c874842b0
Event: 0.701 Loaded shared library C:\Users\neebr\.jdks\jbr-17.0.12\bin\instrument.dll
Event: 0.735 Loaded shared library C:\Users\neebr\.jdks\jbr-17.0.12\bin\net.dll
Event: 0.739 Loaded shared library C:\Users\neebr\.jdks\jbr-17.0.12\bin\nio.dll
Event: 0.753 Loaded shared library C:\Users\neebr\.jdks\jbr-17.0.12\bin\zip.dll
Event: 1.100 Loaded shared library C:\Users\neebr\.jdks\jbr-17.0.12\bin\jimage.dll


Dynamic libraries:
0x00007ff62b0f0000 - 0x00007ff62b0fa000 	C:\Users\neebr\.jdks\jbr-17.0.12\bin\java.exe
0x00007ffd26ed0000 - 0x00007ffd270c8000 	C:\Windows\SYSTEM32\ntdll.dll
0x00007ffd24ef0000 - 0x00007ffd24fb2000 	C:\Windows\System32\KERNEL32.DLL
0x00007ffd246d0000 - 0x00007ffd249ce000 	C:\Windows\System32\KERNELBASE.dll
0x00007ffd24d60000 - 0x00007ffd24e60000 	C:\Windows\System32\ucrtbase.dll
0x00007ffd1e820000 - 0x00007ffd1e837000 	C:\Users\neebr\.jdks\jbr-17.0.12\bin\jli.dll
0x00007ffcec1a0000 - 0x00007ffcec1bb000 	C:\Users\neebr\.jdks\jbr-17.0.12\bin\VCRUNTIME140.dll
0x00007ffd0d260000 - 0x00007ffd0d4fa000 	C:\Windows\WinSxS\amd64_microsoft.windows.common-controls_6595b64144ccf1df_6.0.19041.4355_none_60b8b9eb71f62e16\COMCTL32.dll
0x00007ffd25730000 - 0x00007ffd258cd000 	C:\Windows\System32\USER32.dll
0x00007ffd25a00000 - 0x00007ffd25a9e000 	C:\Windows\System32\msvcrt.dll
0x00007ffd24a70000 - 0x00007ffd24a92000 	C:\Windows\System32\win32u.dll
0x00007ffd26c70000 - 0x00007ffd26c9b000 	C:\Windows\System32\GDI32.dll
0x00007ffd24b40000 - 0x00007ffd24c57000 	C:\Windows\System32\gdi32full.dll
0x00007ffd24aa0000 - 0x00007ffd24b3d000 	C:\Windows\System32\msvcp_win.dll
0x00007ffd25cd0000 - 0x00007ffd25cff000 	C:\Windows\System32\IMM32.DLL
0x00007ffd1fa80000 - 0x00007ffd1fa8c000 	C:\Users\neebr\.jdks\jbr-17.0.12\bin\vcruntime140_1.dll
0x00007ffcddcc0000 - 0x00007ffcddd4d000 	C:\Users\neebr\.jdks\jbr-17.0.12\bin\msvcp140.dll
0x00007ffcabed0000 - 0x00007ffcacb5a000 	C:\Users\neebr\.jdks\jbr-17.0.12\bin\server\jvm.dll
0x00007ffd25b80000 - 0x00007ffd25c32000 	C:\Windows\System32\ADVAPI32.dll
0x00007ffd26aa0000 - 0x00007ffd26b40000 	C:\Windows\System32\sechost.dll
0x00007ffd258d0000 - 0x00007ffd259f3000 	C:\Windows\System32\RPCRT4.dll
0x00007ffd24a40000 - 0x00007ffd24a67000 	C:\Windows\System32\bcrypt.dll
0x00007ffd26500000 - 0x00007ffd2656b000 	C:\Windows\System32\WS2_32.dll
0x00007ffd23a80000 - 0x00007ffd23acb000 	C:\Windows\SYSTEM32\POWRPROF.dll
0x00007ffd18260000 - 0x00007ffd18287000 	C:\Windows\SYSTEM32\WINMM.dll
0x00007ffd1df40000 - 0x00007ffd1df4a000 	C:\Windows\SYSTEM32\VERSION.dll
0x00007ffd23930000 - 0x00007ffd23942000 	C:\Windows\SYSTEM32\UMPDC.dll
0x00007ffd22d50000 - 0x00007ffd22d62000 	C:\Windows\SYSTEM32\kernel.appcore.dll
0x00007ffd1f350000 - 0x00007ffd1f35a000 	C:\Users\neebr\.jdks\jbr-17.0.12\bin\jimage.dll
0x00007ffd22160000 - 0x00007ffd22344000 	C:\Windows\SYSTEM32\DBGHELP.DLL
0x00007ffcec710000 - 0x00007ffcec744000 	C:\Windows\SYSTEM32\dbgcore.DLL
0x00007ffd24e60000 - 0x00007ffd24ee2000 	C:\Windows\System32\bcryptPrimitives.dll
0x00007ffcf0d30000 - 0x00007ffcf0d3e000 	C:\Users\neebr\.jdks\jbr-17.0.12\bin\instrument.dll
0x00007ffceb620000 - 0x00007ffceb645000 	C:\Users\neebr\.jdks\jbr-17.0.12\bin\java.dll
0x00007ffceba40000 - 0x00007ffceba58000 	C:\Users\neebr\.jdks\jbr-17.0.12\bin\zip.dll
0x00007ffcd1d90000 - 0x00007ffcd1e67000 	C:\Users\neebr\.jdks\jbr-17.0.12\bin\jsvml.dll
0x00007ffd24fc0000 - 0x00007ffd2572f000 	C:\Windows\System32\SHELL32.dll
0x00007ffd22590000 - 0x00007ffd22d34000 	C:\Windows\SYSTEM32\windows.storage.dll
0x00007ffd26680000 - 0x00007ffd269d3000 	C:\Windows\System32\combase.dll
0x00007ffd23fa0000 - 0x00007ffd23fce000 	C:\Windows\SYSTEM32\Wldp.dll
0x00007ffd26dc0000 - 0x00007ffd26e8d000 	C:\Windows\System32\OLEAUT32.dll
0x00007ffd269e0000 - 0x00007ffd26a8d000 	C:\Windows\System32\SHCORE.dll
0x00007ffd265f0000 - 0x00007ffd26645000 	C:\Windows\System32\shlwapi.dll
0x00007ffd244a0000 - 0x00007ffd244c4000 	C:\Windows\SYSTEM32\profapi.dll
0x00007ffceb600000 - 0x00007ffceb619000 	C:\Users\neebr\.jdks\jbr-17.0.12\bin\net.dll
0x00007ffd1d5b0000 - 0x00007ffd1d6bd000 	C:\Windows\SYSTEM32\WINHTTP.dll
0x00007ffd23cb0000 - 0x00007ffd23d1a000 	C:\Windows\system32\mswsock.dll
0x00007ffcea950000 - 0x00007ffcea966000 	C:\Users\neebr\.jdks\jbr-17.0.12\bin\nio.dll

dbghelp: loaded successfully - version: 4.0.5 - missing functions: none
symbol engine: initialized successfully - sym options: 0x614 - pdb path: .;C:\Users\neebr\.jdks\jbr-17.0.12\bin;C:\Windows\SYSTEM32;C:\Windows\WinSxS\amd64_microsoft.windows.common-controls_6595b64144ccf1df_6.0.19041.4355_none_60b8b9eb71f62e16;C:\Users\neebr\.jdks\jbr-17.0.12\bin\server

VM Arguments:
jvm_args: -XX:TieredStopAtLevel=1 -Dspring.output.ansi.enabled=always -Dcom.sun.management.jmxremote -Dspring.jmx.enabled=true -Dspring.liveBeansView.mbeanDomain -Dspring.application.admin.enabled=true -Dmanagement.endpoints.jmx.exposure.include=* -javaagent:C:\Program Files\JetBrains\IntelliJ IDEA 2024.2.1\lib\idea_rt.jar=55820:C:\Program Files\JetBrains\IntelliJ IDEA 2024.2.1\bin -Dfile.encoding=UTF-8 
java_command: com.coworkingspaces.CS_api.CsApiApplication
java_class_path (initial): C:\Users\neebr\OneDrive\Bureau\projet spring\CS-api\CS-api\target\classes;C:\Users\neebr\.m2\repository\org\springframework\boot\spring-boot-starter-data-jpa\3.3.4\spring-boot-starter-data-jpa-3.3.4.jar;C:\Users\neebr\.m2\repository\org\springframework\boot\spring-boot-starter-aop\3.3.4\spring-boot-starter-aop-3.3.4.jar;C:\Users\neebr\.m2\repository\org\aspectj\aspectjweaver\1.9.22.1\aspectjweaver-1.9.22.1.jar;C:\Users\neebr\.m2\repository\org\springframework\boot\spring-boot-starter-jdbc\3.3.4\spring-boot-starter-jdbc-3.3.4.jar;C:\Users\neebr\.m2\repository\com\zaxxer\HikariCP\5.1.0\HikariCP-5.1.0.jar;C:\Users\neebr\.m2\repository\org\springframework\spring-jdbc\6.1.13\spring-jdbc-6.1.13.jar;C:\Users\neebr\.m2\repository\org\hibernate\orm\hibernate-core\6.5.3.Final\hibernate-core-6.5.3.Final.jar;C:\Users\neebr\.m2\repository\jakarta\persistence\jakarta.persistence-api\3.1.0\jakarta.persistence-api-3.1.0.jar;C:\Users\neebr\.m2\repository\jakarta\transaction\jakarta.transaction-api\2.0.1\jakarta.transaction-api-2.0.1.jar;C:\Users\neebr\.m2\repository\org\jboss\logging\jboss-logging\3.5.3.Final\jboss-logging-3.5.3.Final.jar;C:\Users\neebr\.m2\repository\org\hibernate\common\hibernate-commons-annotations\6.0.6.Final\hibernate-commons-annotations-6.0.6.Final.jar;C:\Users\neebr\.m2\repository\io\smallrye\jandex\3.1.2\jandex-3.1.2.jar;C:\Users\neebr\.m2\repository\com\fasterxml\classmate\1.7.0\classmate-1.7.0.jar;C:\Users\neebr\.m2\repository\net\bytebuddy\byte-buddy\1.14.19\byte-buddy-1.14.19.jar;C:\Users\neebr\.m2\repository\org\glassfish\jaxb\jaxb-runtime\4.0.5\jaxb-runtime-4.0.5.jar;C:\Users\neebr\.m2\repository\org\glassfish\jaxb\jaxb-core\4.0.5\jaxb-core-4.0.5.jar;C:\Users\neebr\.m2\repository\org\glassfish\jaxb\txw2\4.0.5\txw2-4.0.5.jar;C:\Users\neebr\.m2\repository\com\sun\istack\istack-commons-runtime\4.1.2\istack-commons-runtime-4.1.2.jar;C:\Users\neebr\.m2\repository\jakarta\inject\jakarta.inject-api\2.0.1\jakarta.inject-api-2.0.1.j
Launcher Type: SUN_STANDARD

[Global flags]
     intx CICompilerCount                          = 4                                         {product} {ergonomic}
     uint ConcGCThreads                            = 2                                         {product} {ergonomic}
     uint G1ConcRefinementThreads                  = 8                                         {product} {ergonomic}
   size_t G1HeapRegionSize                         = 1048576                                   {product} {ergonomic}
    uintx GCDrainStackTargetSize                   = 64                                        {product} {ergonomic}
   size_t InitialHeapSize                          = 132120576                                 {product} {ergonomic}
     bool ManagementServer                         = true                                      {product} {command line}
   size_t MarkStackSize                            = 4194304                                   {product} {ergonomic}
   size_t MaxHeapSize                              = 2113929216                                {product} {ergonomic}
   size_t MaxNewSize                               = 1267728384                                {product} {ergonomic}
   size_t MinHeapDeltaBytes                        = 1048576                                   {product} {ergonomic}
   size_t MinHeapSize                              = 8388608                                   {product} {ergonomic}
    uintx NonProfiledCodeHeapSize                  = 0                                      {pd product} {ergonomic}
     bool ProfileInterpreter                       = false                                  {pd product} {command line}
    uintx ProfiledCodeHeapSize                     = 0                                      {pd product} {ergonomic}
   size_t SoftMaxHeapSize                          = 2113929216                             {manageable} {ergonomic}
     intx TieredStopAtLevel                        = 1                                         {product} {command line}
     bool UseCompressedClassPointers               = true                           {product lp64_product} {ergonomic}
     bool UseCompressedOops                        = true                           {product lp64_product} {ergonomic}
     bool UseG1GC                                  = true                                      {product} {ergonomic}
     bool UseLargePagesIndividualAllocation        = false                                  {pd product} {ergonomic}

Logging:
Log output configuration:
 #0: stdout all=warning uptime,level,tags
 #1: stderr all=off uptime,level,tags

Environment Variables:
JAVA_HOME=C:\Program Files\Java\jdk-19
PATH=C:\Program Files (x86)\VMware\VMware Workstation\bin\;C:\oraclexe\app\oracle\product\11.2.0\server\bin;C:\Program Files\Common Files\Oracle\Java\javapath;C:\Program Files (x86)\Common Files\Oracle\Java\java8path;C:\Program Files (x86)\Common Files\Oracle\Java\javapath;C:\Windows\system32;C:\Windows;C:\Windows\System32\Wbem;C:\Windows\System32\WindowsPowerShell\v1.0\;C:\Windows\System32\OpenSSH\;C:\Program Files (x86)\NVIDIA Corporation\PhysX\Common;C:\Program Files\NVIDIA Corporation\NVIDIA NvDLISR;C:\java\legal\jdk;C:\Program Files\Java\jdk-19\bin;C:\Program Files\Docker\Docker\resources\bin;C:\Program Files (x86)\Microsoft SQL Server\150\Tools\Binn\;C:\Program Files\Microsoft SQL Server\150\Tools\Binn\;C:\Program Files (x86)\Microsoft SQL Server\150\DTS\Binn\;C:\Program Files\Microsoft SQL Server\150\DTS\Binn\;C:\Program Files\Microsoft SQL Server\Client SDK\ODBC\170\Tools\Binn\;C:\Program Files\dotnet\;C:\Program Files (x86)\Windows Kits\10\Windows Performance Toolkit\;C:\Program Files\Azure Data Studio\bin;C:\Program Files\Git\cmd;C:\Strawberry\c\bin;C:\Strawberry\perl\site\bin;C:\Strawberry\perl\bin;C:\xampp\php;C:\Program Files\nodejs\;C:\xampp\php;C:\Users\neebr\AppData\Local\Programs\Python\Python312\;C:\Users\neebr\AppData\Local\Programs\Python\Launcher\;C:\Users\neebr\AppData\Local\Microsoft\WindowsApps;C:\Users\neebr\AppData\Local\Programs\MiKTeX\miktex\bin\x64\;C:\Users\neebr\AppData\Local\Programs\Microsoft VS Code\bin;C:\Users\neebr\.dotnet\tools;C:\Program Files\Azure Data Studio\bin;C:\Program Files\JetBrains\IntelliJ IDEA 2024.2.1\bin;;C:\Users\neebr\AppData\Roaming\npm
USERNAME=neebr
OS=Windows_NT
PROCESSOR_IDENTIFIER=Intel64 Family 6 Model 165 Stepping 2, GenuineIntel
TMP=C:\Users\neebr\AppData\Local\Temp
TEMP=C:\Users\neebr\AppData\Local\Temp



Periodic native trim disabled

JNI global refs:
JNI global refs: 9, weak refs: 0

JNI global refs memory usage: 843, weak refs: 209

Process memory usage:
Resident Set Size: 42568K (0% of 8253232K total physical memory with 450024K free physical memory)

OOME stack traces (most recent first):
Classloader memory used:
Loader bootstrap                                                                       : 919K
Loader jdk.internal.loader.ClassLoaders$PlatformClassLoader                            : 764B


---------------  S Y S T E M  ---------------

OS:
 Windows 10 , 64 bit Build 19041 (10.0.19041.4957)
OS uptime: 14 days 0:47 hours
Hyper-V role detected

CPU: total 8 (initial active 8) (4 cores per cpu, 2 threads per core) family 6 model 165 stepping 2 microcode 0xf6, cx8, cmov, fxsr, ht, mmx, 3dnowpref, sse, sse2, sse3, ssse3, sse4.1, sse4.2, popcnt, lzcnt, tsc, tscinvbit, avx, avx2, aes, erms, clmul, bmi1, bmi2, adx, fma, vzeroupper, clflush, clflushopt, hv
Processor Information for all 8 processors :
  Max Mhz: 2496, Current Mhz: 2496, Mhz Limit: 2496

Memory: 4k page, system-wide physical 8059M (439M free)
TotalPageFile size 32635M (AvailPageFile size 1M)
current process WorkingSet (physical memory assigned to process): 41M, peak: 41M
current process commit charge ("private bytes"): 203M, peak: 204M

vm_info: OpenJDK 64-Bit Server VM (17.0.12+1-b1207.37) for windows-amd64 JRE (17.0.12+1-b1207.37), built on 2024-09-25 by "builduser" with MS VC++ 16.10 / 16.11 (VS2019)

END.
